
Showing logs for build [32mcb-kubecd-environment-pr-210-7-kz8lf-1[0m stage [32mfrom-build-pack[0m and container [32mstep-credential-initializer-tmg6m[0m
{"level":"info","ts":1588107834.4184408,"logger":"fallback-logger","caller":"logging/config.go:69","msg":"Fetch GitHub commit ID from kodata failed: open /var/run/ko/refs/heads/0.8.0-ns-support: no such file or directory"}
{"level":"info","ts":1588107834.4187562,"logger":"fallback-logger","caller":"creds-init/main.go:40","msg":"Credentials initialized."}

Showing logs for build [32mcb-kubecd-environment-pr-210-7-kz8lf-1[0m stage [32mfrom-build-pack[0m and container [32mstep-working-dir-initializer-r5q92[0m
{"level":"info","ts":1588107835.4020572,"logger":"fallback-logger","caller":"logging/config.go:69","msg":"Fetch GitHub commit ID from kodata failed: open /var/run/ko/HEAD: no such file or directory"}
{"level":"info","ts":1588107835.4051752,"logger":"fallback-logger","caller":"bash/main.go:64","msg":"Successfully executed command \"sh -c mkdir -p /workspace/source\"; output "}

Showing logs for build [32mcb-kubecd-environment-pr-210-7-kz8lf-1[0m stage [32mfrom-build-pack[0m and container [32mstep-place-tools[0m

Showing logs for build [32mcb-kubecd-environment-pr-210-7-kz8lf-1[0m stage [32mfrom-build-pack[0m and container [32mstep-git-source-cb-kubecd-environment-pr-210-7-kz8lf-hfjdq[0m
{"level":"info","ts":1588107840.4802938,"logger":"fallback-logger","caller":"logging/config.go:69","msg":"Fetch GitHub commit ID from kodata failed: open /var/run/ko/refs/heads/0.8.0-ns-support: no such file or directory"}
{"level":"info","ts":1588107840.7021794,"logger":"fallback-logger","caller":"git/git.go:103","msg":"Successfully cloned https://github.com/cb-kubecd/environment-pr-210-7-boot-eks-production.git @ master in path /workspace/source"}

Showing logs for build [32mcb-kubecd-environment-pr-210-7-kz8lf-1[0m stage [32mfrom-build-pack[0m and container [32mstep-git-merge[0m
Using SHAs from PULL_REFS=master:79d2b18f07a7f7b2cebe185486919979ffb8d5d3,1:9ddee718405293eee28a1356776e81e086d37c5d
DEBUG: LC_ALL=C JX_LOG_LEVEL=error git fetch origin --unshallow 9ddee718405293eee28a1356776e81e086d37c5d: 79d2b18f07a7f7b2cebe185486919979ffb8d5d3:
DEBUG: ran git fetch --unshallow origin 9ddee718405293eee28a1356776e81e086d37c5d: 79d2b18f07a7f7b2cebe185486919979ffb8d5d3: in 
DEBUG: LC_ALL=C JX_LOG_LEVEL=error git branch
DEBUG: LC_ALL=C JX_LOG_LEVEL=error git checkout master
DEBUG: ran git checkout master in 
DEBUG: LC_ALL=C JX_LOG_LEVEL=error git reset --hard 79d2b18f07a7f7b2cebe185486919979ffb8d5d3
DEBUG: ran git reset --hard 79d2b18f07a7f7b2cebe185486919979ffb8d5d3 in 
DEBUG: LC_ALL=C JX_LOG_LEVEL=error git clean -fd .
DEBUG: ran clean --force -d . in 
DEBUG: JX_LOG_LEVEL=error LC_ALL=C git merge 9ddee718405293eee28a1356776e81e086d37c5d
DEBUG: ran git merge 9ddee718405293eee28a1356776e81e086d37c5d in 
DEBUG: LC_ALL=C JX_LOG_LEVEL=error git log --format=%H%x1f%an%x1f%ae%x1f%cn%x1f%ce%x1f%s%n%b%x1e 79d2b18f07a7f7b2cebe185486919979ffb8d5d3..HEAD
Merged SHA 9ddee718405293eee28a1356776e81e086d37c5d with commit message 'chore: Promote bdd-spring-1588106440 to version 0.0.1' into base branch master

Showing logs for build [32mcb-kubecd-environment-pr-210-7-kz8lf-1[0m stage [32mfrom-build-pack[0m and container [32mstep-build-helm-build[0m
WARNING: No $CHART_REPOSITORY defined so using the default value of: http://jenkins-x-chartmuseum:8080
Adding missing Helm repo: storage.googleapis.com https://storage.googleapis.com/chartmuseum.jenkins-x.io
WARNING: No secrets found on "helm/repos" due: reading the secret "helm/repos" from vault: no secret "helm/repos" not found in vault
Read credentials for https://storage.googleapis.com/chartmuseum.jenkins-x.io from vault helm/repos
Successfully added Helm repository storage.googleapis.com.
Adding missing Helm repo: jenkins-x-chartmuseum http://jenkins-x-chartmuseum:8080
WARNING: No secrets found on "helm/repos" due: reading the secret "helm/repos" from vault: no secret "helm/repos" not found in vault
Read credentials for http://jenkins-x-chartmuseum:8080 from vault helm/repos
Successfully added Helm repository jenkins-x-chartmuseum.
WARNING: No $CHART_REPOSITORY defined so using the default value of: http://jenkins-x-chartmuseum:8080
Adding missing Helm repo: chartmuseum.jenkins-x.io http://chartmuseum.jenkins-x.io
WARNING: No secrets found on "helm/repos" due: reading the secret "helm/repos" from vault: no secret "helm/repos" not found in vault
Read credentials for http://chartmuseum.jenkins-x.io from vault helm/repos
Successfully added Helm repository chartmuseum.jenkins-x.io.
